<?xml version="1.0" encoding="UTF-8"?>
<testng-results skipped="0" failed="0" ignored="0" total="1" passed="1">
  <reporter-output>
  </reporter-output>
  <suite name="Default suite" duration-ms="19280" started-at="2020-08-28T03:54:42Z" finished-at="2020-08-28T03:55:01Z">
    <groups>
    </groups>
    <test name="Default test" duration-ms="19280" started-at="2020-08-28T03:54:42Z" finished-at="2020-08-28T03:55:01Z">
      <class name="TestCases.VerifyJPMorganLogo">
        <test-method status="PASS" signature="SetUP()[pri:0, instance:TestCases.VerifyJPMorganLogo@7d9d1a19]" name="SetUP" is-config="true" duration-ms="6571" started-at="2020-08-28T03:54:42Z" finished-at="2020-08-28T03:54:49Z">
          <reporter-output>
          </reporter-output>
        </test-method> <!-- SetUP -->
        <test-method status="PASS" signature="verifylogo()[pri:0, instance:TestCases.VerifyJPMorganLogo@7d9d1a19]" name="verifylogo" duration-ms="11864" started-at="2020-08-28T03:54:49Z" finished-at="2020-08-28T03:55:00Z">
          <reporter-output>
          </reporter-output>
        </test-method> <!-- verifylogo -->
        <test-method status="PASS" signature="close()[pri:0, instance:TestCases.VerifyJPMorganLogo@7d9d1a19]" name="close" is-config="true" duration-ms="791" started-at="2020-08-28T03:55:00Z" finished-at="2020-08-28T03:55:01Z">
          <reporter-output>
          </reporter-output>
        </test-method> <!-- close -->
      </class> <!-- TestCases.VerifyJPMorganLogo -->
    </test> <!-- Default test -->
  </suite> <!-- Default suite -->
</testng-results>
